<?xml version="1.0" encoding="UTF-8"?>
<!-- Generated by org.testng.reporters.JUnitReportReporter -->
<testsuite skipped="0" hostname="DESKTOP-G3AH3JT" name="com.learnautomation.testcases.ConfigTC" tests="1" failures="0" timestamp="12 Feb 2019 20:32:26 GMT" time="0.002" errors="0">
  <testcase name="testConfig" time="0.002" classname="com.learnautomation.testcases.ConfigTC"/>
</testsuite> <!-- com.learnautomation.testcases.ConfigTC -->
