<?xml version="1.0" encoding="UTF-8"?>
<!-- Generated by org.testng.reporters.JUnitReportReporter -->
<testsuite skipped="0" hostname="DESKTOP-G3AH3JT" name="com.learnautomation.utilities.ConfigTC" tests="1" failures="0" timestamp="31 Jan 2019 14:08:35 GMT" time="0.021" errors="0">
  <testcase name="testConfig" time="0.021" classname="com.learnautomation.utilities.ConfigTC"/>
</testsuite> <!-- com.learnautomation.utilities.ConfigTC -->
