<?xml version="1.0" encoding="UTF-8"?>
<!-- Generated by org.testng.reporters.JUnitReportReporter -->
<testsuite skipped="0" hostname="DESKTOP-G3AH3JT" name="com.learnautomation.pages.BaseClass" tests="1" failures="0" timestamp="02 Feb 2019 23:19:05 GMT" time="2.506" errors="0">
  <testcase name="loginToCRM" time="2.506" classname="com.learnautomation.pages.BaseClass"/>
</testsuite> <!-- com.learnautomation.pages.BaseClass -->
