<?xml version="1.0" encoding="UTF-8"?>
<!-- Generated by org.testng.reporters.JUnitReportReporter -->
<testsuite skipped="0" hostname="DESKTOP-G3AH3JT" name="com.learnautomation.testcases.LOGIN" tests="1" failures="0" timestamp="12 Feb 2019 20:32:26 GMT" time="6.485" errors="0">
  <testcase name="loginToCRM" time="6.485" classname="com.learnautomation.testcases.LOGIN"/>
</testsuite> <!-- com.learnautomation.testcases.LOGIN -->
