<?xml version="1.0" encoding="UTF-8"?>
<!-- Generated by org.testng.reporters.JUnitReportReporter -->
<testsuite skipped="0" hostname="DESKTOP-G3AH3JT" name="com.learnautomation.testcases.ConfigChrome" tests="1" failures="0" timestamp="02 Feb 2019 23:27:18 GMT" time="2.514" errors="0">
  <testcase name="loginToCRM" time="2.514" classname="com.learnautomation.testcases.ConfigChrome"/>
</testsuite> <!-- com.learnautomation.testcases.ConfigChrome -->
